# JRE version: OpenJDK Runtime Environment Temurin-17.0.11+9 (17.0.11+9) (build 17.0.11+9)
# Java VM: OpenJDK 64-Bit Server VM Temurin-17.0.11+9 (17.0.11+9, mixed mode, tiered, compressed oops, compressed class ptrs, parallel gc, linux-amd64)
GC Precious Log:
 CPUs: 4 total, 4 available
 Memory: 7856M
 Large Page Support: Disabled
 NUMA Support: Disabled
 Compressed Oops: Enabled (32-bit)
 Alignments: Space 512K, Generation 512K, Heap 2M
 Heap Min Capacity: 100M
 Heap Initial Capacity: 100M
 Heap Max Capacity: 1G
 Pre-touch: Disabled
 Parallel Workers: 4
Heap:
 PSYoungGen      total 22016K, used 19931K [0x00000000eab00000, 0x00000000ec180000, 0x0000000100000000)
  eden space 20992K, 92% used [0x00000000eab00000,0x00000000ebe01998,0x00000000ebf80000)
  from space 1024K, 45% used [0x00000000ebf80000,0x00000000ebff52d0,0x00000000ec080000)
  to   space 512K, 0% used [0x00000000ec100000,0x00000000ec100000,0x00000000ec180000)
 ParOldGen       total 68608K, used 32407K [0x00000000c0000000, 0x00000000c4300000, 0x00000000eab00000)
  object space 68608K, 47% used [0x00000000c0000000,0x00000000c1fa5d28,0x00000000c4300000)
 Metaspace       used 58536K, committed 59520K, reserved 1114112K
  class space    used 6255K, committed 6720K, reserved 1048576K
GC Heap History (20 events):
Event: 10,367 GC heap before
{Heap before GC invocations=20 (full 2):
 PSYoungGen      total 24064K, used 23616K [0x00000000eab00000, 0x00000000ec480000, 0x0000000100000000)
  eden space 22016K, 100% used [0x00000000eab00000,0x00000000ec080000,0x00000000ec080000)
  from space 2048K, 78% used [0x00000000ec180000,0x00000000ec310010,0x00000000ec380000)
  to   space 1024K, 0% used [0x00000000ec380000,0x00000000ec380000,0x00000000ec480000)
 ParOldGen       total 68608K, used 21282K [0x00000000c0000000, 0x00000000c4300000, 0x00000000eab00000)
  object space 68608K, 31% used [0x00000000c0000000,0x00000000c14c8848,0x00000000c4300000)
 Metaspace       used 45444K, committed 46400K, reserved 1114112K
  class space    used 4766K, committed 5184K, reserved 1048576K
}
Event: 10,372 GC heap after
{Heap after GC invocations=20 (full 2):
 PSYoungGen      total 22528K, used 1024K [0x00000000eab00000, 0x00000000ec780000, 0x0000000100000000)
  eden space 21504K, 0% used [0x00000000eab00000,0x00000000eab00000,0x00000000ec000000)
  from space 1024K, 100% used [0x00000000ec380000,0x00000000ec480000,0x00000000ec480000)
  to   space 3584K, 0% used [0x00000000ec000000,0x00000000ec000000,0x00000000ec380000)
 ParOldGen       total 68608K, used 23382K [0x00000000c0000000, 0x00000000c4300000, 0x00000000eab00000)
  object space 68608K, 34% used [0x00000000c0000000,0x00000000c16d5bf0,0x00000000c4300000)
 Metaspace       used 45444K, committed 46400K, reserved 1114112K
  class space    used 4766K, committed 5184K, reserved 1048576K
}
Event: 10,454 GC heap before
{Heap before GC invocations=21 (full 2):
 PSYoungGen      total 22528K, used 22528K [0x00000000eab00000, 0x00000000ec780000, 0x0000000100000000)
  eden space 21504K, 100% used [0x00000000eab00000,0x00000000ec000000,0x00000000ec000000)
  from space 1024K, 100% used [0x00000000ec380000,0x00000000ec480000,0x00000000ec480000)
  to   space 3584K, 0% used [0x00000000ec000000,0x00000000ec000000,0x00000000ec380000)
 ParOldGen       total 68608K, used 23382K [0x00000000c0000000, 0x00000000c4300000, 0x00000000eab00000)
  object space 68608K, 34% used [0x00000000c0000000,0x00000000c16d5bf0,0x00000000c4300000)
 Metaspace       used 45670K, committed 46656K, reserved 1114112K
  class space    used 4798K, committed 5184K, reserved 1048576K
}
Event: 10,459 GC heap after
{Heap after GC invocations=21 (full 2):
 PSYoungGen      total 23552K, used 1632K [0x00000000eab00000, 0x00000000ec500000, 0x0000000100000000)
  eden space 21504K, 0% used [0x00000000eab00000,0x00000000eab00000,0x00000000ec000000)
  from space 2048K, 79% used [0x00000000ec000000,0x00000000ec198000,0x00000000ec200000)
  to   space 2560K, 0% used [0x00000000ec280000,0x00000000ec280000,0x00000000ec500000)
 ParOldGen       total 68608K, used 24422K [0x00000000c0000000, 0x00000000c4300000, 0x00000000eab00000)
  object space 68608K, 35% used [0x00000000c0000000,0x00000000c17d9bf0,0x00000000c4300000)
 Metaspace       used 45670K, committed 46656K, reserved 1114112K
  class space    used 4798K, committed 5184K, reserved 1048576K
}
Event: 10,534 GC heap before
{Heap before GC invocations=22 (full 2):
 PSYoungGen      total 23552K, used 23136K [0x00000000eab00000, 0x00000000ec500000, 0x0000000100000000)
  eden space 21504K, 100% used [0x00000000eab00000,0x00000000ec000000,0x00000000ec000000)
  from space 2048K, 79% used [0x00000000ec000000,0x00000000ec198000,0x00000000ec200000)
  to   space 2560K, 0% used [0x00000000ec280000,0x00000000ec280000,0x00000000ec500000)
 ParOldGen       total 68608K, used 24422K [0x00000000c0000000, 0x00000000c4300000, 0x00000000eab00000)
  object space 68608K, 35% used [0x00000000c0000000,0x00000000c17d9bf0,0x00000000c4300000)
 Metaspace       used 46004K, committed 46976K, reserved 1114112K
  class space    used 4842K, committed 5248K, reserved 1048576K
}
Event: 10,547 GC heap after
{Heap after GC invocations=22 (full 2):
 PSYoungGen      total 23552K, used 1856K [0x00000000eab00000, 0x00000000ec480000, 0x0000000100000000)
  eden space 21504K, 0% used [0x00000000eab00000,0x00000000eab00000,0x00000000ec000000)
  from space 2048K, 90% used [0x00000000ec280000,0x00000000ec450010,0x00000000ec480000)
  to   space 2048K, 0% used [0x00000000ec000000,0x00000000ec000000,0x00000000ec200000)
 ParOldGen       total 68608K, used 26027K [0x00000000c0000000, 0x00000000c4300000, 0x00000000eab00000)
  object space 68608K, 37% used [0x00000000c0000000,0x00000000c196af48,0x00000000c4300000)
 Metaspace       used 46004K, committed 46976K, reserved 1114112K
  class space    used 4842K, committed 5248K, reserved 1048576K
}
Event: 10,633 GC heap before
{Heap before GC invocations=23 (full 2):
 PSYoungGen      total 23552K, used 23360K [0x00000000eab00000, 0x00000000ec480000, 0x0000000100000000)
  eden space 21504K, 100% used [0x00000000eab00000,0x00000000ec000000,0x00000000ec000000)
  from space 2048K, 90% used [0x00000000ec280000,0x00000000ec450010,0x00000000ec480000)
  to   space 2048K, 0% used [0x00000000ec000000,0x00000000ec000000,0x00000000ec200000)
 ParOldGen       total 68608K, used 26027K [0x00000000c0000000, 0x00000000c4300000, 0x00000000eab00000)
  object space 68608K, 37% used [0x00000000c0000000,0x00000000c196af48,0x00000000c4300000)
 Metaspace       used 46545K, committed 47488K, reserved 1114112K
  class space    used 4907K, committed 5312K, reserved 1048576K
}
Event: 10,640 GC heap after
{Heap after GC invocations=23 (full 2):
 PSYoungGen      total 23040K, used 1120K [0x00000000eab00000, 0x00000000ec300000, 0x0000000100000000)
  eden space 21504K, 0% used [0x00000000eab00000,0x00000000eab00000,0x00000000ec000000)
  from space 1536K, 72% used [0x00000000ec000000,0x00000000ec118000,0x00000000ec180000)
  to   space 1536K, 0% used [0x00000000ec180000,0x00000000ec180000,0x00000000ec300000)
 ParOldGen       total 68608K, used 27851K [0x00000000c0000000, 0x00000000c4300000, 0x00000000eab00000)
  object space 68608K, 40% used [0x00000000c0000000,0x00000000c1b32f58,0x00000000c4300000)
 Metaspace       used 46545K, committed 47488K, reserved 1114112K
  class space    used 4907K, committed 5312K, reserved 1048576K
}
Event: 10,856 GC heap before
{Heap before GC invocations=24 (full 2):
 PSYoungGen      total 23040K, used 22624K [0x00000000eab00000, 0x00000000ec300000, 0x0000000100000000)
  eden space 21504K, 100% used [0x00000000eab00000,0x00000000ec000000,0x00000000ec000000)
  from space 1536K, 72% used [0x00000000ec000000,0x00000000ec118000,0x00000000ec180000)
  to   space 1536K, 0% used [0x00000000ec180000,0x00000000ec180000,0x00000000ec300000)
 ParOldGen       total 68608K, used 27851K [0x00000000c0000000, 0x00000000c4300000, 0x00000000eab00000)
  object space 68608K, 40% used [0x00000000c0000000,0x00000000c1b32f58,0x00000000c4300000)
 Metaspace       used 49267K, committed 50240K, reserved 1114112K
  class space    used 5207K, committed 5632K, reserved 1048576K
}
Event: 10,863 GC heap after
{Heap after GC invocations=24 (full 2):
 PSYoungGen      total 23040K, used 976K [0x00000000eab00000, 0x00000000ec300000, 0x0000000100000000)
  eden space 21504K, 0% used [0x00000000eab00000,0x00000000eab00000,0x00000000ec000000)
  from space 1536K, 63% used [0x00000000ec180000,0x00000000ec2742e0,0x00000000ec300000)
  to   space 1536K, 0% used [0x00000000ec000000,0x00000000ec000000,0x00000000ec180000)
 ParOldGen       total 68608K, used 28939K [0x00000000c0000000, 0x00000000c4300000, 0x00000000eab00000)
  object space 68608K, 42% used [0x00000000c0000000,0x00000000c1c42f58,0x00000000c4300000)
 Metaspace       used 49267K, committed 50240K, reserved 1114112K
  class space    used 5207K, committed 5632K, reserved 1048576K
}
Event: 11,372 GC heap before
{Heap before GC invocations=25 (full 2):
 PSYoungGen      total 23040K, used 22480K [0x00000000eab00000, 0x00000000ec300000, 0x0000000100000000)
  eden space 21504K, 100% used [0x00000000eab00000,0x00000000ec000000,0x00000000ec000000)
  from space 1536K, 63% used [0x00000000ec180000,0x00000000ec2742e0,0x00000000ec300000)
  to   space 1536K, 0% used [0x00000000ec000000,0x00000000ec000000,0x00000000ec180000)
 ParOldGen       total 68608K, used 28939K [0x00000000c0000000, 0x00000000c4300000, 0x00000000eab00000)
  object space 68608K, 42% used [0x00000000c0000000,0x00000000c1c42f58,0x00000000c4300000)
 Metaspace       used 51559K, committed 52480K, reserved 1114112K
  class space    used 5500K, committed 5888K, reserved 1048576K
}
Event: 11,376 GC heap after
{Heap after GC invocations=25 (full 2):
 PSYoungGen      total 23040K, used 1216K [0x00000000eab00000, 0x00000000ec300000, 0x0000000100000000)
  eden space 21504K, 0% used [0x00000000eab00000,0x00000000eab00000,0x00000000ec000000)
  from space 1536K, 79% used [0x00000000ec000000,0x00000000ec130000,0x00000000ec180000)
  to   space 1536K, 0% used [0x00000000ec180000,0x00000000ec180000,0x00000000ec300000)
 ParOldGen       total 68608K, used 29744K [0x00000000c0000000, 0x00000000c4300000, 0x00000000eab00000)
  object space 68608K, 43% used [0x00000000c0000000,0x00000000c1d0c308,0x00000000c4300000)
 Metaspace       used 51559K, committed 52480K, reserved 1114112K
  class space    used 5500K, committed 5888K, reserved 1048576K
}
Event: 11,676 GC heap before
{Heap before GC invocations=26 (full 2):
 PSYoungGen      total 23040K, used 22720K [0x00000000eab00000, 0x00000000ec300000, 0x0000000100000000)
  eden space 21504K, 100% used [0x00000000eab00000,0x00000000ec000000,0x00000000ec000000)
  from space 1536K, 79% used [0x00000000ec000000,0x00000000ec130000,0x00000000ec180000)
  to   space 1536K, 0% used [0x00000000ec180000,0x00000000ec180000,0x00000000ec300000)
 ParOldGen       total 68608K, used 29744K [0x00000000c0000000, 0x00000000c4300000, 0x00000000eab00000)
  object space 68608K, 43% used [0x00000000c0000000,0x00000000c1d0c308,0x00000000c4300000)
 Metaspace       used 52994K, committed 54016K, reserved 1114112K
  class space    used 5696K, committed 6144K, reserved 1048576K
}
Event: 11,692 GC heap after
{Heap after GC invocations=26 (full 2):
 PSYoungGen      total 22528K, used 1510K [0x00000000eab00000, 0x00000000ec400000, 0x0000000100000000)
  eden space 20992K, 0% used [0x00000000eab00000,0x00000000eab00000,0x00000000ebf80000)
  from space 1536K, 98% used [0x00000000ec180000,0x00000000ec2f9850,0x00000000ec300000)
  to   space 2048K, 0% used [0x00000000ebf80000,0x00000000ebf80000,0x00000000ec180000)
 ParOldGen       total 68608K, used 30864K [0x00000000c0000000, 0x00000000c4300000, 0x00000000eab00000)
  object space 68608K, 44% used [0x00000000c0000000,0x00000000c1e24048,0x00000000c4300000)
 Metaspace       used 52994K, committed 54016K, reserved 1114112K
  class space    used 5696K, committed 6144K, reserved 1048576K
}
Event: 11,830 GC heap before
{Heap before GC invocations=27 (full 2):
 PSYoungGen      total 22528K, used 22502K [0x00000000eab00000, 0x00000000ec400000, 0x0000000100000000)
  eden space 20992K, 100% used [0x00000000eab00000,0x00000000ebf80000,0x00000000ebf80000)
  from space 1536K, 98% used [0x00000000ec180000,0x00000000ec2f9850,0x00000000ec300000)
  to   space 2048K, 0% used [0x00000000ebf80000,0x00000000ebf80000,0x00000000ec180000)
 ParOldGen       total 68608K, used 30864K [0x00000000c0000000, 0x00000000c4300000, 0x00000000eab00000)
  object space 68608K, 44% used [0x00000000c0000000,0x00000000c1e24048,0x00000000c4300000)
 Metaspace       used 53435K, committed 54464K, reserved 1114112K
  class space    used 5753K, committed 6208K, reserved 1048576K
}
Event: 11,833 GC heap after
{Heap after GC invocations=27 (full 2):
 PSYoungGen      total 22016K, used 648K [0x00000000eab00000, 0x00000000ec200000, 0x0000000100000000)
  eden space 20992K, 0% used [0x00000000eab00000,0x00000000eab00000,0x00000000ebf80000)
  from space 1024K, 63% used [0x00000000ebf80000,0x00000000ec022388,0x00000000ec080000)
  to   space 1024K, 0% used [0x00000000ec100000,0x00000000ec100000,0x00000000ec200000)
 ParOldGen       total 68608K, used 31847K [0x00000000c0000000, 0x00000000c4300000, 0x00000000eab00000)
  object space 68608K, 46% used [0x00000000c0000000,0x00000000c1f19d28,0x00000000c4300000)
 Metaspace       used 53435K, committed 54464K, reserved 1114112K
  class space    used 5753K, committed 6208K, reserved 1048576K
}
Event: 12,102 GC heap before
{Heap before GC invocations=28 (full 2):
 PSYoungGen      total 22016K, used 21640K [0x00000000eab00000, 0x00000000ec200000, 0x0000000100000000)
  eden space 20992K, 100% used [0x00000000eab00000,0x00000000ebf80000,0x00000000ebf80000)
  from space 1024K, 63% used [0x00000000ebf80000,0x00000000ec022388,0x00000000ec080000)
  to   space 1024K, 0% used [0x00000000ec100000,0x00000000ec100000,0x00000000ec200000)
 ParOldGen       total 68608K, used 31847K [0x00000000c0000000, 0x00000000c4300000, 0x00000000eab00000)
  object space 68608K, 46% used [0x00000000c0000000,0x00000000c1f19d28,0x00000000c4300000)
 Metaspace       used 55760K, committed 56896K, reserved 1114112K
  class space    used 5962K, committed 6464K, reserved 1048576K
}
Event: 12,106 GC heap after
{Heap after GC invocations=28 (full 2):
 PSYoungGen      total 22016K, used 544K [0x00000000eab00000, 0x00000000ec200000, 0x0000000100000000)
  eden space 20992K, 0% used [0x00000000eab00000,0x00000000eab00000,0x00000000ebf80000)
  from space 1024K, 53% used [0x00000000ec100000,0x00000000ec188010,0x00000000ec200000)
  to   space 1024K, 0% used [0x00000000ebf80000,0x00000000ebf80000,0x00000000ec080000)
 ParOldGen       total 68608K, used 32007K [0x00000000c0000000, 0x00000000c4300000, 0x00000000eab00000)
  object space 68608K, 46% used [0x00000000c0000000,0x00000000c1f41d28,0x00000000c4300000)
 Metaspace       used 55760K, committed 56896K, reserved 1114112K
  class space    used 5962K, committed 6464K, reserved 1048576K
}
Event: 12,323 GC heap before
{Heap before GC invocations=29 (full 2):
 PSYoungGen      total 22016K, used 21536K [0x00000000eab00000, 0x00000000ec200000, 0x0000000100000000)
  eden space 20992K, 100% used [0x00000000eab00000,0x00000000ebf80000,0x00000000ebf80000)
  from space 1024K, 53% used [0x00000000ec100000,0x00000000ec188010,0x00000000ec200000)
  to   space 1024K, 0% used [0x00000000ebf80000,0x00000000ebf80000,0x00000000ec080000)
 ParOldGen       total 68608K, used 32007K [0x00000000c0000000, 0x00000000c4300000, 0x00000000eab00000)
  object space 68608K, 46% used [0x00000000c0000000,0x00000000c1f41d28,0x00000000c4300000)
 Metaspace       used 56654K, committed 57664K, reserved 1114112K
  class space    used 6090K, committed 6528K, reserved 1048576K
}
Event: 12,325 GC heap after
{Heap after GC invocations=29 (full 2):
 PSYoungGen      total 22016K, used 468K [0x00000000eab00000, 0x00000000ec180000, 0x0000000100000000)
  eden space 20992K, 0% used [0x00000000eab00000,0x00000000eab00000,0x00000000ebf80000)
  from space 1024K, 45% used [0x00000000ebf80000,0x00000000ebff52d0,0x00000000ec080000)
  to   space 512K, 0% used [0x00000000ec100000,0x00000000ec100000,0x00000000ec180000)
 ParOldGen       total 68608K, used 32407K [0x00000000c0000000, 0x00000000c4300000, 0x00000000eab00000)
  object space 68608K, 47% used [0x00000000c0000000,0x00000000c1fa5d28,0x00000000c4300000)
 Metaspace       used 56654K, committed 57664K, reserved 1114112K
  class space    used 6090K, committed 6528K, reserved 1048576K
}

